2025-04-07T23:45:37.099+05:30  INFO 34120 --- [springboot-restful-webservices] [restartedMain] .SpringbootRestfulWebservicesApplication : Starting SpringbootRestfulWebservicesApplication using Java 17.0.12 with PID 34120 (C:\Users\mokbhandari\Desktop\Java Spring\springboot-restful-webservices\springboot-restful-webservices\target\classes started by mokbhandari in C:\Users\mokbhandari\Desktop\Java Spring\springboot-restful-webservices)
2025-04-07T23:45:37.106+05:30  INFO 34120 --- [springboot-restful-webservices] [restartedMain] .SpringbootRestfulWebservicesApplication : No active profile set, falling back to 1 default profile: "default"
2025-04-07T23:45:37.222+05:30  INFO 34120 --- [springboot-restful-webservices] [restartedMain] .e.DevToolsPropertyDefaultsPostProcessor : Devtools property defaults active! Set 'spring.devtools.add-properties' to 'false' to disable
2025-04-07T23:45:37.223+05:30  INFO 34120 --- [springboot-restful-webservices] [restartedMain] .e.DevToolsPropertyDefaultsPostProcessor : For additional web related logging consider setting the 'logging.level.web' property to 'DEBUG'
2025-04-07T23:45:38.869+05:30  INFO 34120 --- [springboot-restful-webservices] [restartedMain] .s.d.r.c.RepositoryConfigurationDelegate : Bootstrapping Spring Data JPA repositories in DEFAULT mode.
2025-04-07T23:45:39.066+05:30  INFO 34120 --- [springboot-restful-webservices] [restartedMain] .s.d.r.c.RepositoryConfigurationDelegate : Finished Spring Data repository scanning in 162 ms. Found 2 JPA repository interfaces.
2025-04-07T23:45:40.331+05:30  INFO 34120 --- [springboot-restful-webservices] [restartedMain] o.s.b.w.embedded.tomcat.TomcatWebServer  : Tomcat initialized with port 8080 (http)
2025-04-07T23:45:40.353+05:30  INFO 34120 --- [springboot-restful-webservices] [restartedMain] o.apache.catalina.core.StandardService   : Starting service [Tomcat]
2025-04-07T23:45:40.354+05:30  INFO 34120 --- [springboot-restful-webservices] [restartedMain] o.apache.catalina.core.StandardEngine    : Starting Servlet engine: [Apache Tomcat/10.1.36]
2025-04-07T23:45:40.456+05:30  INFO 34120 --- [springboot-restful-webservices] [restartedMain] o.a.c.c.C.[Tomcat].[localhost].[/]       : Initializing Spring embedded WebApplicationContext
2025-04-07T23:45:40.457+05:30  INFO 34120 --- [springboot-restful-webservices] [restartedMain] w.s.c.ServletWebServerApplicationContext : Root WebApplicationContext: initialization completed in 3232 ms
2025-04-07T23:45:40.834+05:30  INFO 34120 --- [springboot-restful-webservices] [restartedMain] o.hibernate.jpa.internal.util.LogHelper  : HHH000204: Processing PersistenceUnitInfo [name: default]
2025-04-07T23:45:40.968+05:30  INFO 34120 --- [springboot-restful-webservices] [restartedMain] org.hibernate.Version                    : HHH000412: Hibernate ORM core version 6.6.8.Final
2025-04-07T23:45:41.049+05:30  INFO 34120 --- [springboot-restful-webservices] [restartedMain] o.h.c.internal.RegionFactoryInitiator    : HHH000026: Second-level cache disabled
2025-04-07T23:45:41.614+05:30  INFO 34120 --- [springboot-restful-webservices] [restartedMain] o.s.o.j.p.SpringPersistenceUnitInfo      : No LoadTimeWeaver setup: ignoring JPA class transformer
2025-04-07T23:45:41.672+05:30  INFO 34120 --- [springboot-restful-webservices] [restartedMain] com.zaxxer.hikari.HikariDataSource       : HikariPool-1 - Starting...
2025-04-07T23:45:42.181+05:30  INFO 34120 --- [springboot-restful-webservices] [restartedMain] com.zaxxer.hikari.pool.HikariPool        : HikariPool-1 - Added connection com.mysql.cj.jdbc.ConnectionImpl@3889e2cc
2025-04-07T23:45:42.184+05:30  INFO 34120 --- [springboot-restful-webservices] [restartedMain] com.zaxxer.hikari.HikariDataSource       : HikariPool-1 - Start completed.
2025-04-07T23:45:42.284+05:30  WARN 34120 --- [springboot-restful-webservices] [restartedMain] org.hibernate.orm.deprecation            : HHH90000025: MySQLDialect does not need to be specified explicitly using 'hibernate.dialect' (remove the property setting and it will be selected by default)
2025-04-07T23:45:42.321+05:30  INFO 34120 --- [springboot-restful-webservices] [restartedMain] org.hibernate.orm.connections.pooling    : HHH10001005: Database info:
	Database JDBC URL [Connecting through datasource 'HikariDataSource (HikariPool-1)']
	Database driver: undefined/unknown
	Database version: 8.0.35
	Autocommit mode: undefined/unknown
	Isolation level: undefined/unknown
	Minimum pool size: undefined/unknown
	Maximum pool size: undefined/unknown
2025-04-07T23:45:43.789+05:30  INFO 34120 --- [springboot-restful-webservices] [restartedMain] j.LocalContainerEntityManagerFactoryBean : Initialized JPA EntityManagerFactory for persistence unit 'default'
2025-04-07T23:45:44.240+05:30  INFO 34120 --- [springboot-restful-webservices] [restartedMain] o.s.d.j.r.query.QueryEnhancerFactory     : Hibernate is in classpath; If applicable, HQL parser will be used.
2025-04-07T23:45:45.092+05:30  INFO 34120 --- [springboot-restful-webservices] [restartedMain] eAuthenticationProviderManagerConfigurer : Global AuthenticationManager configured with AuthenticationProvider bean with name authenticationProvider
2025-04-07T23:45:45.094+05:30  WARN 34120 --- [springboot-restful-webservices] [restartedMain] r$InitializeUserDetailsManagerConfigurer : Global AuthenticationManager configured with an AuthenticationProvider bean. UserDetailsService beans will not be used by Spring Security for automatically configuring username/password login. Consider removing the AuthenticationProvider bean. Alternatively, consider using the UserDetailsService in a manually instantiated DaoAuthenticationProvider. If the current configuration is intentional, to turn off this warning, increase the logging level of 'org.springframework.security.config.annotation.authentication.configuration.InitializeUserDetailsBeanManagerConfigurer' to ERROR
2025-04-07T23:45:46.176+05:30  INFO 34120 --- [springboot-restful-webservices] [restartedMain] o.s.b.d.a.OptionalLiveReloadServer       : LiveReload server is running on port 35729
2025-04-07T23:45:46.247+05:30  INFO 34120 --- [springboot-restful-webservices] [restartedMain] o.s.b.w.embedded.tomcat.TomcatWebServer  : Tomcat started on port 8080 (http) with context path '/'
2025-04-07T23:45:46.262+05:30  INFO 34120 --- [springboot-restful-webservices] [restartedMain] .SpringbootRestfulWebservicesApplication : Started SpringbootRestfulWebservicesApplication in 10.002 seconds (process running for 11.1)
2025-04-07T23:46:27.419+05:30  INFO 34120 --- [springboot-restful-webservices] [http-nio-8080-exec-2] o.a.c.c.C.[Tomcat].[localhost].[/]       : Initializing Spring DispatcherServlet 'dispatcherServlet'
2025-04-07T23:46:27.420+05:30  INFO 34120 --- [springboot-restful-webservices] [http-nio-8080-exec-2] o.s.web.servlet.DispatcherServlet        : Initializing Servlet 'dispatcherServlet'
2025-04-07T23:46:27.420+05:30  INFO 34120 --- [springboot-restful-webservices] [http-nio-8080-exec-2] o.s.web.servlet.DispatcherServlet        : Completed initialization in 0 ms
2025-04-07T23:51:44.333+05:30  INFO 34120 --- [springboot-restful-webservices] [http-nio-8080-exec-4] n.j.s.service.impl.UserServiceImpl       : User 'sxdcsd' processed with 1 valid roles
2025-04-07T23:51:44.372+05:30  INFO 34120 --- [springboot-restful-webservices] [http-nio-8080-exec-4] n.j.s.service.impl.UserServiceImpl       : User 'ussdcsdsdcser' processed with 1 valid roles
2025-04-07T23:51:44.404+05:30  INFO 34120 --- [springboot-restful-webservices] [http-nio-8080-exec-4] n.j.s.service.impl.UserServiceImpl       : User 'usxsacderm' processed with 2 valid roles
