2025-04-13T17:13:26.842+05:30  INFO 35040 --- [springboot-restful-webservices] [main] net.javaguides.springboot.RedisTest      : Starting RedisTest using Java 17.0.12 with PID 35040 (started by mokbhandari in C:\Users\mokbhandari\Desktop\Java Spring\springboot-restful-webservices\springboot-restful-webservices)
2025-04-13T17:13:26.859+05:30  INFO 35040 --- [springboot-restful-webservices] [main] net.javaguides.springboot.RedisTest      : No active profile set, falling back to 1 default profile: "default"
2025-04-13T17:13:28.259+05:30  INFO 35040 --- [springboot-restful-webservices] [main] .s.d.r.c.RepositoryConfigurationDelegate : Multiple Spring Data modules found, entering strict repository configuration mode
2025-04-13T17:13:28.263+05:30  INFO 35040 --- [springboot-restful-webservices] [main] .s.d.r.c.RepositoryConfigurationDelegate : Bootstrapping Spring Data JPA repositories in DEFAULT mode.
2025-04-13T17:13:28.618+05:30  INFO 35040 --- [springboot-restful-webservices] [main] .s.d.r.c.RepositoryConfigurationDelegate : Finished Spring Data repository scanning in 332 ms. Found 2 JPA repository interfaces.
2025-04-13T17:13:28.656+05:30  INFO 35040 --- [springboot-restful-webservices] [main] .s.d.r.c.RepositoryConfigurationDelegate : Multiple Spring Data modules found, entering strict repository configuration mode
2025-04-13T17:13:28.660+05:30  INFO 35040 --- [springboot-restful-webservices] [main] .s.d.r.c.RepositoryConfigurationDelegate : Bootstrapping Spring Data Redis repositories in DEFAULT mode.
2025-04-13T17:13:28.696+05:30  INFO 35040 --- [springboot-restful-webservices] [main] .RepositoryConfigurationExtensionSupport : Spring Data Redis - Could not safely identify store assignment for repository candidate interface net.javaguides.springboot.repository.RoleRepository; If you want this repository to be a Redis repository, consider annotating your entities with one of these annotations: org.springframework.data.redis.core.RedisHash (preferred), or consider extending one of the following types with your repository: org.springframework.data.keyvalue.repository.KeyValueRepository
2025-04-13T17:13:28.698+05:30  INFO 35040 --- [springboot-restful-webservices] [main] .RepositoryConfigurationExtensionSupport : Spring Data Redis - Could not safely identify store assignment for repository candidate interface net.javaguides.springboot.repository.UserRepository; If you want this repository to be a Redis repository, consider annotating your entities with one of these annotations: org.springframework.data.redis.core.RedisHash (preferred), or consider extending one of the following types with your repository: org.springframework.data.keyvalue.repository.KeyValueRepository
2025-04-13T17:13:28.698+05:30  INFO 35040 --- [springboot-restful-webservices] [main] .s.d.r.c.RepositoryConfigurationDelegate : Finished Spring Data repository scanning in 17 ms. Found 0 Redis repository interfaces.
2025-04-13T17:13:29.938+05:30  INFO 35040 --- [springboot-restful-webservices] [main] o.hibernate.jpa.internal.util.LogHelper  : HHH000204: Processing PersistenceUnitInfo [name: default]
2025-04-13T17:13:30.105+05:30  INFO 35040 --- [springboot-restful-webservices] [main] org.hibernate.Version                    : HHH000412: Hibernate ORM core version 6.6.8.Final
2025-04-13T17:13:30.205+05:30  INFO 35040 --- [springboot-restful-webservices] [main] o.h.c.internal.RegionFactoryInitiator    : HHH000026: Second-level cache disabled
2025-04-13T17:13:30.892+05:30  INFO 35040 --- [springboot-restful-webservices] [main] o.s.o.j.p.SpringPersistenceUnitInfo      : No LoadTimeWeaver setup: ignoring JPA class transformer
2025-04-13T17:13:30.961+05:30  INFO 35040 --- [springboot-restful-webservices] [main] com.zaxxer.hikari.HikariDataSource       : HikariPool-1 - Starting...
2025-04-13T17:13:31.518+05:30  INFO 35040 --- [springboot-restful-webservices] [main] com.zaxxer.hikari.pool.HikariPool        : HikariPool-1 - Added connection com.mysql.cj.jdbc.ConnectionImpl@4ffa078d
2025-04-13T17:13:31.523+05:30  INFO 35040 --- [springboot-restful-webservices] [main] com.zaxxer.hikari.HikariDataSource       : HikariPool-1 - Start completed.
2025-04-13T17:13:31.634+05:30  WARN 35040 --- [springboot-restful-webservices] [main] org.hibernate.orm.deprecation            : HHH90000025: MySQLDialect does not need to be specified explicitly using 'hibernate.dialect' (remove the property setting and it will be selected by default)
2025-04-13T17:13:31.675+05:30  INFO 35040 --- [springboot-restful-webservices] [main] org.hibernate.orm.connections.pooling    : HHH10001005: Database info:
	Database JDBC URL [Connecting through datasource 'HikariDataSource (HikariPool-1)']
	Database driver: undefined/unknown
	Database version: 8.0.35
	Autocommit mode: undefined/unknown
	Isolation level: undefined/unknown
	Minimum pool size: undefined/unknown
	Maximum pool size: undefined/unknown
2025-04-13T17:13:33.127+05:30  INFO 35040 --- [springboot-restful-webservices] [main] j.LocalContainerEntityManagerFactoryBean : Initialized JPA EntityManagerFactory for persistence unit 'default'
2025-04-13T17:13:33.841+05:30  INFO 35040 --- [springboot-restful-webservices] [main] o.s.d.j.r.query.QueryEnhancerFactory     : Hibernate is in classpath; If applicable, HQL parser will be used.
2025-04-13T17:13:34.754+05:30  INFO 35040 --- [springboot-restful-webservices] [main] eAuthenticationProviderManagerConfigurer : Global AuthenticationManager configured with AuthenticationProvider bean with name authenticationProvider
2025-04-13T17:13:34.755+05:30  WARN 35040 --- [springboot-restful-webservices] [main] r$InitializeUserDetailsManagerConfigurer : Global AuthenticationManager configured with an AuthenticationProvider bean. UserDetailsService beans will not be used by Spring Security for automatically configuring username/password login. Consider removing the AuthenticationProvider bean. Alternatively, consider using the UserDetailsService in a manually instantiated DaoAuthenticationProvider. If the current configuration is intentional, to turn off this warning, increase the logging level of 'org.springframework.security.config.annotation.authentication.configuration.InitializeUserDetailsBeanManagerConfigurer' to ERROR
2025-04-13T17:13:36.688+05:30  INFO 35040 --- [springboot-restful-webservices] [main] net.javaguides.springboot.RedisTest      : Started RedisTest in 10.489 seconds (process running for 12.524)
2025-04-13T17:13:38.486+05:30  INFO 35040 --- [springboot-restful-webservices] [SpringApplicationShutdownHook] j.LocalContainerEntityManagerFactoryBean : Closing JPA EntityManagerFactory for persistence unit 'default'
2025-04-13T17:13:38.490+05:30  INFO 35040 --- [springboot-restful-webservices] [SpringApplicationShutdownHook] com.zaxxer.hikari.HikariDataSource       : HikariPool-1 - Shutdown initiated...
2025-04-13T17:13:38.507+05:30  INFO 35040 --- [springboot-restful-webservices] [SpringApplicationShutdownHook] com.zaxxer.hikari.HikariDataSource       : HikariPool-1 - Shutdown completed.
2025-04-13T17:15:00.238+05:30  INFO 12132 --- [springboot-restful-webservices] [main] net.javaguides.springboot.RedisTest      : Starting RedisTest using Java 17.0.12 with PID 12132 (started by mokbhandari in C:\Users\mokbhandari\Desktop\Java Spring\springboot-restful-webservices\springboot-restful-webservices)
2025-04-13T17:15:00.242+05:30  INFO 12132 --- [springboot-restful-webservices] [main] net.javaguides.springboot.RedisTest      : No active profile set, falling back to 1 default profile: "default"
2025-04-13T17:15:01.553+05:30  INFO 12132 --- [springboot-restful-webservices] [main] .s.d.r.c.RepositoryConfigurationDelegate : Multiple Spring Data modules found, entering strict repository configuration mode
2025-04-13T17:15:01.556+05:30  INFO 12132 --- [springboot-restful-webservices] [main] .s.d.r.c.RepositoryConfigurationDelegate : Bootstrapping Spring Data JPA repositories in DEFAULT mode.
2025-04-13T17:15:01.838+05:30  INFO 12132 --- [springboot-restful-webservices] [main] .s.d.r.c.RepositoryConfigurationDelegate : Finished Spring Data repository scanning in 265 ms. Found 2 JPA repository interfaces.
2025-04-13T17:15:01.872+05:30  INFO 12132 --- [springboot-restful-webservices] [main] .s.d.r.c.RepositoryConfigurationDelegate : Multiple Spring Data modules found, entering strict repository configuration mode
2025-04-13T17:15:01.875+05:30  INFO 12132 --- [springboot-restful-webservices] [main] .s.d.r.c.RepositoryConfigurationDelegate : Bootstrapping Spring Data Redis repositories in DEFAULT mode.
2025-04-13T17:15:01.910+05:30  INFO 12132 --- [springboot-restful-webservices] [main] .RepositoryConfigurationExtensionSupport : Spring Data Redis - Could not safely identify store assignment for repository candidate interface net.javaguides.springboot.repository.RoleRepository; If you want this repository to be a Redis repository, consider annotating your entities with one of these annotations: org.springframework.data.redis.core.RedisHash (preferred), or consider extending one of the following types with your repository: org.springframework.data.keyvalue.repository.KeyValueRepository
2025-04-13T17:15:01.911+05:30  INFO 12132 --- [springboot-restful-webservices] [main] .RepositoryConfigurationExtensionSupport : Spring Data Redis - Could not safely identify store assignment for repository candidate interface net.javaguides.springboot.repository.UserRepository; If you want this repository to be a Redis repository, consider annotating your entities with one of these annotations: org.springframework.data.redis.core.RedisHash (preferred), or consider extending one of the following types with your repository: org.springframework.data.keyvalue.repository.KeyValueRepository
2025-04-13T17:15:01.912+05:30  INFO 12132 --- [springboot-restful-webservices] [main] .s.d.r.c.RepositoryConfigurationDelegate : Finished Spring Data repository scanning in 16 ms. Found 0 Redis repository interfaces.
2025-04-13T17:15:02.685+05:30  INFO 12132 --- [springboot-restful-webservices] [main] o.hibernate.jpa.internal.util.LogHelper  : HHH000204: Processing PersistenceUnitInfo [name: default]
2025-04-13T17:15:02.806+05:30  INFO 12132 --- [springboot-restful-webservices] [main] org.hibernate.Version                    : HHH000412: Hibernate ORM core version 6.6.8.Final
2025-04-13T17:15:02.880+05:30  INFO 12132 --- [springboot-restful-webservices] [main] o.h.c.internal.RegionFactoryInitiator    : HHH000026: Second-level cache disabled
2025-04-13T17:15:03.517+05:30  INFO 12132 --- [springboot-restful-webservices] [main] o.s.o.j.p.SpringPersistenceUnitInfo      : No LoadTimeWeaver setup: ignoring JPA class transformer
2025-04-13T17:15:03.592+05:30  INFO 12132 --- [springboot-restful-webservices] [main] com.zaxxer.hikari.HikariDataSource       : HikariPool-1 - Starting...
2025-04-13T17:15:04.014+05:30  INFO 12132 --- [springboot-restful-webservices] [main] com.zaxxer.hikari.pool.HikariPool        : HikariPool-1 - Added connection com.mysql.cj.jdbc.ConnectionImpl@4182a651
2025-04-13T17:15:04.018+05:30  INFO 12132 --- [springboot-restful-webservices] [main] com.zaxxer.hikari.HikariDataSource       : HikariPool-1 - Start completed.
2025-04-13T17:15:04.089+05:30  WARN 12132 --- [springboot-restful-webservices] [main] org.hibernate.orm.deprecation            : HHH90000025: MySQLDialect does not need to be specified explicitly using 'hibernate.dialect' (remove the property setting and it will be selected by default)
2025-04-13T17:15:04.115+05:30  INFO 12132 --- [springboot-restful-webservices] [main] org.hibernate.orm.connections.pooling    : HHH10001005: Database info:
	Database JDBC URL [Connecting through datasource 'HikariDataSource (HikariPool-1)']
	Database driver: undefined/unknown
	Database version: 8.0.35
	Autocommit mode: undefined/unknown
	Isolation level: undefined/unknown
	Minimum pool size: undefined/unknown
	Maximum pool size: undefined/unknown
2025-04-13T17:15:05.422+05:30  INFO 12132 --- [springboot-restful-webservices] [main] j.LocalContainerEntityManagerFactoryBean : Initialized JPA EntityManagerFactory for persistence unit 'default'
2025-04-13T17:15:05.849+05:30  INFO 12132 --- [springboot-restful-webservices] [main] o.s.d.j.r.query.QueryEnhancerFactory     : Hibernate is in classpath; If applicable, HQL parser will be used.
2025-04-13T17:15:06.765+05:30  INFO 12132 --- [springboot-restful-webservices] [main] eAuthenticationProviderManagerConfigurer : Global AuthenticationManager configured with AuthenticationProvider bean with name authenticationProvider
2025-04-13T17:15:06.766+05:30  WARN 12132 --- [springboot-restful-webservices] [main] r$InitializeUserDetailsManagerConfigurer : Global AuthenticationManager configured with an AuthenticationProvider bean. UserDetailsService beans will not be used by Spring Security for automatically configuring username/password login. Consider removing the AuthenticationProvider bean. Alternatively, consider using the UserDetailsService in a manually instantiated DaoAuthenticationProvider. If the current configuration is intentional, to turn off this warning, increase the logging level of 'org.springframework.security.config.annotation.authentication.configuration.InitializeUserDetailsBeanManagerConfigurer' to ERROR
2025-04-13T17:15:08.961+05:30  INFO 12132 --- [springboot-restful-webservices] [main] net.javaguides.springboot.RedisTest      : Started RedisTest in 9.353 seconds (process running for 11.314)
2025-04-13T17:15:10.743+05:30  INFO 12132 --- [springboot-restful-webservices] [SpringApplicationShutdownHook] j.LocalContainerEntityManagerFactoryBean : Closing JPA EntityManagerFactory for persistence unit 'default'
2025-04-13T17:15:10.745+05:30  INFO 12132 --- [springboot-restful-webservices] [SpringApplicationShutdownHook] com.zaxxer.hikari.HikariDataSource       : HikariPool-1 - Shutdown initiated...
2025-04-13T17:15:10.752+05:30  INFO 12132 --- [springboot-restful-webservices] [SpringApplicationShutdownHook] com.zaxxer.hikari.HikariDataSource       : HikariPool-1 - Shutdown completed.
2025-04-13T17:16:03.963+05:30  INFO 33776 --- [springboot-restful-webservices] [main] net.javaguides.springboot.RedisTest      : Starting RedisTest using Java 17.0.12 with PID 33776 (started by mokbhandari in C:\Users\mokbhandari\Desktop\Java Spring\springboot-restful-webservices\springboot-restful-webservices)
2025-04-13T17:16:03.966+05:30  INFO 33776 --- [springboot-restful-webservices] [main] net.javaguides.springboot.RedisTest      : No active profile set, falling back to 1 default profile: "default"
2025-04-13T17:16:05.606+05:30  INFO 33776 --- [springboot-restful-webservices] [main] .s.d.r.c.RepositoryConfigurationDelegate : Multiple Spring Data modules found, entering strict repository configuration mode
2025-04-13T17:16:05.613+05:30  INFO 33776 --- [springboot-restful-webservices] [main] .s.d.r.c.RepositoryConfigurationDelegate : Bootstrapping Spring Data JPA repositories in DEFAULT mode.
2025-04-13T17:16:05.950+05:30  INFO 33776 --- [springboot-restful-webservices] [main] .s.d.r.c.RepositoryConfigurationDelegate : Finished Spring Data repository scanning in 317 ms. Found 2 JPA repository interfaces.
2025-04-13T17:16:05.988+05:30  INFO 33776 --- [springboot-restful-webservices] [main] .s.d.r.c.RepositoryConfigurationDelegate : Multiple Spring Data modules found, entering strict repository configuration mode
2025-04-13T17:16:05.992+05:30  INFO 33776 --- [springboot-restful-webservices] [main] .s.d.r.c.RepositoryConfigurationDelegate : Bootstrapping Spring Data Redis repositories in DEFAULT mode.
2025-04-13T17:16:06.028+05:30  INFO 33776 --- [springboot-restful-webservices] [main] .RepositoryConfigurationExtensionSupport : Spring Data Redis - Could not safely identify store assignment for repository candidate interface net.javaguides.springboot.repository.RoleRepository; If you want this repository to be a Redis repository, consider annotating your entities with one of these annotations: org.springframework.data.redis.core.RedisHash (preferred), or consider extending one of the following types with your repository: org.springframework.data.keyvalue.repository.KeyValueRepository
2025-04-13T17:16:06.030+05:30  INFO 33776 --- [springboot-restful-webservices] [main] .RepositoryConfigurationExtensionSupport : Spring Data Redis - Could not safely identify store assignment for repository candidate interface net.javaguides.springboot.repository.UserRepository; If you want this repository to be a Redis repository, consider annotating your entities with one of these annotations: org.springframework.data.redis.core.RedisHash (preferred), or consider extending one of the following types with your repository: org.springframework.data.keyvalue.repository.KeyValueRepository
2025-04-13T17:16:06.030+05:30  INFO 33776 --- [springboot-restful-webservices] [main] .s.d.r.c.RepositoryConfigurationDelegate : Finished Spring Data repository scanning in 17 ms. Found 0 Redis repository interfaces.
2025-04-13T17:16:06.906+05:30  INFO 33776 --- [springboot-restful-webservices] [main] o.hibernate.jpa.internal.util.LogHelper  : HHH000204: Processing PersistenceUnitInfo [name: default]
2025-04-13T17:16:07.044+05:30  INFO 33776 --- [springboot-restful-webservices] [main] org.hibernate.Version                    : HHH000412: Hibernate ORM core version 6.6.8.Final
2025-04-13T17:16:07.111+05:30  INFO 33776 --- [springboot-restful-webservices] [main] o.h.c.internal.RegionFactoryInitiator    : HHH000026: Second-level cache disabled
2025-04-13T17:16:07.683+05:30  INFO 33776 --- [springboot-restful-webservices] [main] o.s.o.j.p.SpringPersistenceUnitInfo      : No LoadTimeWeaver setup: ignoring JPA class transformer
2025-04-13T17:16:07.736+05:30  INFO 33776 --- [springboot-restful-webservices] [main] com.zaxxer.hikari.HikariDataSource       : HikariPool-1 - Starting...
2025-04-13T17:16:08.152+05:30  INFO 33776 --- [springboot-restful-webservices] [main] com.zaxxer.hikari.pool.HikariPool        : HikariPool-1 - Added connection com.mysql.cj.jdbc.ConnectionImpl@4182a651
2025-04-13T17:16:08.154+05:30  INFO 33776 --- [springboot-restful-webservices] [main] com.zaxxer.hikari.HikariDataSource       : HikariPool-1 - Start completed.
2025-04-13T17:16:08.221+05:30  WARN 33776 --- [springboot-restful-webservices] [main] org.hibernate.orm.deprecation            : HHH90000025: MySQLDialect does not need to be specified explicitly using 'hibernate.dialect' (remove the property setting and it will be selected by default)
2025-04-13T17:16:08.250+05:30  INFO 33776 --- [springboot-restful-webservices] [main] org.hibernate.orm.connections.pooling    : HHH10001005: Database info:
	Database JDBC URL [Connecting through datasource 'HikariDataSource (HikariPool-1)']
	Database driver: undefined/unknown
	Database version: 8.0.35
	Autocommit mode: undefined/unknown
	Isolation level: undefined/unknown
	Minimum pool size: undefined/unknown
	Maximum pool size: undefined/unknown
2025-04-13T17:16:09.594+05:30  INFO 33776 --- [springboot-restful-webservices] [main] j.LocalContainerEntityManagerFactoryBean : Initialized JPA EntityManagerFactory for persistence unit 'default'
2025-04-13T17:16:10.158+05:30  INFO 33776 --- [springboot-restful-webservices] [main] o.s.d.j.r.query.QueryEnhancerFactory     : Hibernate is in classpath; If applicable, HQL parser will be used.
2025-04-13T17:16:11.040+05:30  INFO 33776 --- [springboot-restful-webservices] [main] eAuthenticationProviderManagerConfigurer : Global AuthenticationManager configured with AuthenticationProvider bean with name authenticationProvider
2025-04-13T17:16:11.041+05:30  WARN 33776 --- [springboot-restful-webservices] [main] r$InitializeUserDetailsManagerConfigurer : Global AuthenticationManager configured with an AuthenticationProvider bean. UserDetailsService beans will not be used by Spring Security for automatically configuring username/password login. Consider removing the AuthenticationProvider bean. Alternatively, consider using the UserDetailsService in a manually instantiated DaoAuthenticationProvider. If the current configuration is intentional, to turn off this warning, increase the logging level of 'org.springframework.security.config.annotation.authentication.configuration.InitializeUserDetailsBeanManagerConfigurer' to ERROR
2025-04-13T17:16:13.118+05:30  INFO 33776 --- [springboot-restful-webservices] [main] net.javaguides.springboot.RedisTest      : Started RedisTest in 9.869 seconds (process running for 12.011)
2025-04-13T17:16:15.046+05:30  INFO 33776 --- [springboot-restful-webservices] [SpringApplicationShutdownHook] j.LocalContainerEntityManagerFactoryBean : Closing JPA EntityManagerFactory for persistence unit 'default'
2025-04-13T17:16:15.051+05:30  INFO 33776 --- [springboot-restful-webservices] [SpringApplicationShutdownHook] com.zaxxer.hikari.HikariDataSource       : HikariPool-1 - Shutdown initiated...
2025-04-13T17:16:15.071+05:30  INFO 33776 --- [springboot-restful-webservices] [SpringApplicationShutdownHook] com.zaxxer.hikari.HikariDataSource       : HikariPool-1 - Shutdown completed.
2025-04-13T17:23:54.542+05:30  INFO 40680 --- [springboot-restful-webservices] [main] net.javaguides.springboot.RedisTest      : Starting RedisTest using Java 17.0.12 with PID 40680 (started by mokbhandari in C:\Users\mokbhandari\Desktop\Java Spring\springboot-restful-webservices\springboot-restful-webservices)
2025-04-13T17:23:54.545+05:30  INFO 40680 --- [springboot-restful-webservices] [main] net.javaguides.springboot.RedisTest      : No active profile set, falling back to 1 default profile: "default"
2025-04-13T17:23:55.920+05:30  INFO 40680 --- [springboot-restful-webservices] [main] .s.d.r.c.RepositoryConfigurationDelegate : Multiple Spring Data modules found, entering strict repository configuration mode
2025-04-13T17:23:55.924+05:30  INFO 40680 --- [springboot-restful-webservices] [main] .s.d.r.c.RepositoryConfigurationDelegate : Bootstrapping Spring Data JPA repositories in DEFAULT mode.
2025-04-13T17:23:56.145+05:30  INFO 40680 --- [springboot-restful-webservices] [main] .s.d.r.c.RepositoryConfigurationDelegate : Finished Spring Data repository scanning in 205 ms. Found 2 JPA repository interfaces.
2025-04-13T17:23:56.170+05:30  INFO 40680 --- [springboot-restful-webservices] [main] .s.d.r.c.RepositoryConfigurationDelegate : Multiple Spring Data modules found, entering strict repository configuration mode
2025-04-13T17:23:56.172+05:30  INFO 40680 --- [springboot-restful-webservices] [main] .s.d.r.c.RepositoryConfigurationDelegate : Bootstrapping Spring Data Redis repositories in DEFAULT mode.
2025-04-13T17:23:56.200+05:30  INFO 40680 --- [springboot-restful-webservices] [main] .RepositoryConfigurationExtensionSupport : Spring Data Redis - Could not safely identify store assignment for repository candidate interface net.javaguides.springboot.repository.RoleRepository; If you want this repository to be a Redis repository, consider annotating your entities with one of these annotations: org.springframework.data.redis.core.RedisHash (preferred), or consider extending one of the following types with your repository: org.springframework.data.keyvalue.repository.KeyValueRepository
2025-04-13T17:23:56.201+05:30  INFO 40680 --- [springboot-restful-webservices] [main] .RepositoryConfigurationExtensionSupport : Spring Data Redis - Could not safely identify store assignment for repository candidate interface net.javaguides.springboot.repository.UserRepository; If you want this repository to be a Redis repository, consider annotating your entities with one of these annotations: org.springframework.data.redis.core.RedisHash (preferred), or consider extending one of the following types with your repository: org.springframework.data.keyvalue.repository.KeyValueRepository
2025-04-13T17:23:56.201+05:30  INFO 40680 --- [springboot-restful-webservices] [main] .s.d.r.c.RepositoryConfigurationDelegate : Finished Spring Data repository scanning in 12 ms. Found 0 Redis repository interfaces.
2025-04-13T17:23:56.907+05:30  INFO 40680 --- [springboot-restful-webservices] [main] o.hibernate.jpa.internal.util.LogHelper  : HHH000204: Processing PersistenceUnitInfo [name: default]
2025-04-13T17:23:57.018+05:30  INFO 40680 --- [springboot-restful-webservices] [main] org.hibernate.Version                    : HHH000412: Hibernate ORM core version 6.6.8.Final
2025-04-13T17:23:57.088+05:30  INFO 40680 --- [springboot-restful-webservices] [main] o.h.c.internal.RegionFactoryInitiator    : HHH000026: Second-level cache disabled
2025-04-13T17:23:57.662+05:30  INFO 40680 --- [springboot-restful-webservices] [main] o.s.o.j.p.SpringPersistenceUnitInfo      : No LoadTimeWeaver setup: ignoring JPA class transformer
2025-04-13T17:23:57.723+05:30  INFO 40680 --- [springboot-restful-webservices] [main] com.zaxxer.hikari.HikariDataSource       : HikariPool-1 - Starting...
2025-04-13T17:23:58.145+05:30  INFO 40680 --- [springboot-restful-webservices] [main] com.zaxxer.hikari.pool.HikariPool        : HikariPool-1 - Added connection com.mysql.cj.jdbc.ConnectionImpl@3f4964f2
2025-04-13T17:23:58.148+05:30  INFO 40680 --- [springboot-restful-webservices] [main] com.zaxxer.hikari.HikariDataSource       : HikariPool-1 - Start completed.
2025-04-13T17:23:58.217+05:30  WARN 40680 --- [springboot-restful-webservices] [main] org.hibernate.orm.deprecation            : HHH90000025: MySQLDialect does not need to be specified explicitly using 'hibernate.dialect' (remove the property setting and it will be selected by default)
2025-04-13T17:23:58.244+05:30  INFO 40680 --- [springboot-restful-webservices] [main] org.hibernate.orm.connections.pooling    : HHH10001005: Database info:
	Database JDBC URL [Connecting through datasource 'HikariDataSource (HikariPool-1)']
	Database driver: undefined/unknown
	Database version: 8.0.35
	Autocommit mode: undefined/unknown
	Isolation level: undefined/unknown
	Minimum pool size: undefined/unknown
	Maximum pool size: undefined/unknown
2025-04-13T17:23:59.551+05:30  INFO 40680 --- [springboot-restful-webservices] [main] j.LocalContainerEntityManagerFactoryBean : Initialized JPA EntityManagerFactory for persistence unit 'default'
2025-04-13T17:23:59.989+05:30  INFO 40680 --- [springboot-restful-webservices] [main] o.s.d.j.r.query.QueryEnhancerFactory     : Hibernate is in classpath; If applicable, HQL parser will be used.
2025-04-13T17:24:01.450+05:30  INFO 40680 --- [springboot-restful-webservices] [main] eAuthenticationProviderManagerConfigurer : Global AuthenticationManager configured with AuthenticationProvider bean with name authenticationProvider
2025-04-13T17:24:01.452+05:30  WARN 40680 --- [springboot-restful-webservices] [main] r$InitializeUserDetailsManagerConfigurer : Global AuthenticationManager configured with an AuthenticationProvider bean. UserDetailsService beans will not be used by Spring Security for automatically configuring username/password login. Consider removing the AuthenticationProvider bean. Alternatively, consider using the UserDetailsService in a manually instantiated DaoAuthenticationProvider. If the current configuration is intentional, to turn off this warning, increase the logging level of 'org.springframework.security.config.annotation.authentication.configuration.InitializeUserDetailsBeanManagerConfigurer' to ERROR
2025-04-13T17:24:03.153+05:30  INFO 40680 --- [springboot-restful-webservices] [main] net.javaguides.springboot.RedisTest      : Started RedisTest in 9.244 seconds (process running for 11.449)
2025-04-13T17:24:04.707+05:30  INFO 40680 --- [springboot-restful-webservices] [SpringApplicationShutdownHook] j.LocalContainerEntityManagerFactoryBean : Closing JPA EntityManagerFactory for persistence unit 'default'
2025-04-13T17:24:04.710+05:30  INFO 40680 --- [springboot-restful-webservices] [SpringApplicationShutdownHook] com.zaxxer.hikari.HikariDataSource       : HikariPool-1 - Shutdown initiated...
2025-04-13T17:24:04.724+05:30  INFO 40680 --- [springboot-restful-webservices] [SpringApplicationShutdownHook] com.zaxxer.hikari.HikariDataSource       : HikariPool-1 - Shutdown completed.
2025-04-13T17:24:49.045+05:30  INFO 41544 --- [springboot-restful-webservices] [main] net.javaguides.springboot.RedisTest      : Starting RedisTest using Java 17.0.12 with PID 41544 (started by mokbhandari in C:\Users\mokbhandari\Desktop\Java Spring\springboot-restful-webservices\springboot-restful-webservices)
2025-04-13T17:24:49.048+05:30  INFO 41544 --- [springboot-restful-webservices] [main] net.javaguides.springboot.RedisTest      : No active profile set, falling back to 1 default profile: "default"
2025-04-13T17:24:50.457+05:30  INFO 41544 --- [springboot-restful-webservices] [main] .s.d.r.c.RepositoryConfigurationDelegate : Multiple Spring Data modules found, entering strict repository configuration mode
2025-04-13T17:24:50.459+05:30  INFO 41544 --- [springboot-restful-webservices] [main] .s.d.r.c.RepositoryConfigurationDelegate : Bootstrapping Spring Data JPA repositories in DEFAULT mode.
2025-04-13T17:24:50.717+05:30  INFO 41544 --- [springboot-restful-webservices] [main] .s.d.r.c.RepositoryConfigurationDelegate : Finished Spring Data repository scanning in 239 ms. Found 2 JPA repository interfaces.
2025-04-13T17:24:50.756+05:30  INFO 41544 --- [springboot-restful-webservices] [main] .s.d.r.c.RepositoryConfigurationDelegate : Multiple Spring Data modules found, entering strict repository configuration mode
2025-04-13T17:24:50.759+05:30  INFO 41544 --- [springboot-restful-webservices] [main] .s.d.r.c.RepositoryConfigurationDelegate : Bootstrapping Spring Data Redis repositories in DEFAULT mode.
2025-04-13T17:24:50.788+05:30  INFO 41544 --- [springboot-restful-webservices] [main] .RepositoryConfigurationExtensionSupport : Spring Data Redis - Could not safely identify store assignment for repository candidate interface net.javaguides.springboot.repository.RoleRepository; If you want this repository to be a Redis repository, consider annotating your entities with one of these annotations: org.springframework.data.redis.core.RedisHash (preferred), or consider extending one of the following types with your repository: org.springframework.data.keyvalue.repository.KeyValueRepository
2025-04-13T17:24:50.789+05:30  INFO 41544 --- [springboot-restful-webservices] [main] .RepositoryConfigurationExtensionSupport : Spring Data Redis - Could not safely identify store assignment for repository candidate interface net.javaguides.springboot.repository.UserRepository; If you want this repository to be a Redis repository, consider annotating your entities with one of these annotations: org.springframework.data.redis.core.RedisHash (preferred), or consider extending one of the following types with your repository: org.springframework.data.keyvalue.repository.KeyValueRepository
2025-04-13T17:24:50.789+05:30  INFO 41544 --- [springboot-restful-webservices] [main] .s.d.r.c.RepositoryConfigurationDelegate : Finished Spring Data repository scanning in 14 ms. Found 0 Redis repository interfaces.
2025-04-13T17:24:51.608+05:30  INFO 41544 --- [springboot-restful-webservices] [main] o.hibernate.jpa.internal.util.LogHelper  : HHH000204: Processing PersistenceUnitInfo [name: default]
2025-04-13T17:24:51.710+05:30  INFO 41544 --- [springboot-restful-webservices] [main] org.hibernate.Version                    : HHH000412: Hibernate ORM core version 6.6.8.Final
2025-04-13T17:24:51.791+05:30  INFO 41544 --- [springboot-restful-webservices] [main] o.h.c.internal.RegionFactoryInitiator    : HHH000026: Second-level cache disabled
2025-04-13T17:24:52.372+05:30  INFO 41544 --- [springboot-restful-webservices] [main] o.s.o.j.p.SpringPersistenceUnitInfo      : No LoadTimeWeaver setup: ignoring JPA class transformer
2025-04-13T17:24:52.437+05:30  INFO 41544 --- [springboot-restful-webservices] [main] com.zaxxer.hikari.HikariDataSource       : HikariPool-1 - Starting...
2025-04-13T17:24:52.965+05:30  INFO 41544 --- [springboot-restful-webservices] [main] com.zaxxer.hikari.pool.HikariPool        : HikariPool-1 - Added connection com.mysql.cj.jdbc.ConnectionImpl@3bf01a01
2025-04-13T17:24:52.968+05:30  INFO 41544 --- [springboot-restful-webservices] [main] com.zaxxer.hikari.HikariDataSource       : HikariPool-1 - Start completed.
2025-04-13T17:24:53.041+05:30  WARN 41544 --- [springboot-restful-webservices] [main] org.hibernate.orm.deprecation            : HHH90000025: MySQLDialect does not need to be specified explicitly using 'hibernate.dialect' (remove the property setting and it will be selected by default)
2025-04-13T17:24:53.072+05:30  INFO 41544 --- [springboot-restful-webservices] [main] org.hibernate.orm.connections.pooling    : HHH10001005: Database info:
	Database JDBC URL [Connecting through datasource 'HikariDataSource (HikariPool-1)']
	Database driver: undefined/unknown
	Database version: 8.0.35
	Autocommit mode: undefined/unknown
	Isolation level: undefined/unknown
	Minimum pool size: undefined/unknown
	Maximum pool size: undefined/unknown
2025-04-13T17:24:54.462+05:30  INFO 41544 --- [springboot-restful-webservices] [main] j.LocalContainerEntityManagerFactoryBean : Initialized JPA EntityManagerFactory for persistence unit 'default'
2025-04-13T17:24:54.942+05:30  INFO 41544 --- [springboot-restful-webservices] [main] o.s.d.j.r.query.QueryEnhancerFactory     : Hibernate is in classpath; If applicable, HQL parser will be used.
2025-04-13T17:24:56.520+05:30  INFO 41544 --- [springboot-restful-webservices] [main] eAuthenticationProviderManagerConfigurer : Global AuthenticationManager configured with AuthenticationProvider bean with name authenticationProvider
2025-04-13T17:24:56.522+05:30  WARN 41544 --- [springboot-restful-webservices] [main] r$InitializeUserDetailsManagerConfigurer : Global AuthenticationManager configured with an AuthenticationProvider bean. UserDetailsService beans will not be used by Spring Security for automatically configuring username/password login. Consider removing the AuthenticationProvider bean. Alternatively, consider using the UserDetailsService in a manually instantiated DaoAuthenticationProvider. If the current configuration is intentional, to turn off this warning, increase the logging level of 'org.springframework.security.config.annotation.authentication.configuration.InitializeUserDetailsBeanManagerConfigurer' to ERROR
2025-04-13T17:24:58.257+05:30  INFO 41544 --- [springboot-restful-webservices] [main] net.javaguides.springboot.RedisTest      : Started RedisTest in 9.852 seconds (process running for 12.088)
2025-04-13T17:29:42.889+05:30  INFO 39580 --- [springboot-restful-webservices] [main] net.javaguides.springboot.RedisTest      : Starting RedisTest using Java 17.0.12 with PID 39580 (started by mokbhandari in C:\Users\mokbhandari\Desktop\Java Spring\springboot-restful-webservices\springboot-restful-webservices)
2025-04-13T17:29:42.893+05:30  INFO 39580 --- [springboot-restful-webservices] [main] net.javaguides.springboot.RedisTest      : No active profile set, falling back to 1 default profile: "default"
2025-04-13T17:29:44.231+05:30  INFO 39580 --- [springboot-restful-webservices] [main] .s.d.r.c.RepositoryConfigurationDelegate : Multiple Spring Data modules found, entering strict repository configuration mode
2025-04-13T17:29:44.234+05:30  INFO 39580 --- [springboot-restful-webservices] [main] .s.d.r.c.RepositoryConfigurationDelegate : Bootstrapping Spring Data JPA repositories in DEFAULT mode.
2025-04-13T17:29:44.521+05:30  INFO 39580 --- [springboot-restful-webservices] [main] .s.d.r.c.RepositoryConfigurationDelegate : Finished Spring Data repository scanning in 270 ms. Found 2 JPA repository interfaces.
2025-04-13T17:29:44.553+05:30  INFO 39580 --- [springboot-restful-webservices] [main] .s.d.r.c.RepositoryConfigurationDelegate : Multiple Spring Data modules found, entering strict repository configuration mode
2025-04-13T17:29:44.555+05:30  INFO 39580 --- [springboot-restful-webservices] [main] .s.d.r.c.RepositoryConfigurationDelegate : Bootstrapping Spring Data Redis repositories in DEFAULT mode.
2025-04-13T17:29:44.592+05:30  INFO 39580 --- [springboot-restful-webservices] [main] .RepositoryConfigurationExtensionSupport : Spring Data Redis - Could not safely identify store assignment for repository candidate interface net.javaguides.springboot.repository.RoleRepository; If you want this repository to be a Redis repository, consider annotating your entities with one of these annotations: org.springframework.data.redis.core.RedisHash (preferred), or consider extending one of the following types with your repository: org.springframework.data.keyvalue.repository.KeyValueRepository
2025-04-13T17:29:44.593+05:30  INFO 39580 --- [springboot-restful-webservices] [main] .RepositoryConfigurationExtensionSupport : Spring Data Redis - Could not safely identify store assignment for repository candidate interface net.javaguides.springboot.repository.UserRepository; If you want this repository to be a Redis repository, consider annotating your entities with one of these annotations: org.springframework.data.redis.core.RedisHash (preferred), or consider extending one of the following types with your repository: org.springframework.data.keyvalue.repository.KeyValueRepository
2025-04-13T17:29:44.594+05:30  INFO 39580 --- [springboot-restful-webservices] [main] .s.d.r.c.RepositoryConfigurationDelegate : Finished Spring Data repository scanning in 17 ms. Found 0 Redis repository interfaces.
2025-04-13T17:29:45.398+05:30  INFO 39580 --- [springboot-restful-webservices] [main] o.hibernate.jpa.internal.util.LogHelper  : HHH000204: Processing PersistenceUnitInfo [name: default]
2025-04-13T17:29:45.510+05:30  INFO 39580 --- [springboot-restful-webservices] [main] org.hibernate.Version                    : HHH000412: Hibernate ORM core version 6.6.8.Final
2025-04-13T17:29:45.584+05:30  INFO 39580 --- [springboot-restful-webservices] [main] o.h.c.internal.RegionFactoryInitiator    : HHH000026: Second-level cache disabled
2025-04-13T17:29:46.184+05:30  INFO 39580 --- [springboot-restful-webservices] [main] o.s.o.j.p.SpringPersistenceUnitInfo      : No LoadTimeWeaver setup: ignoring JPA class transformer
2025-04-13T17:29:46.240+05:30  INFO 39580 --- [springboot-restful-webservices] [main] com.zaxxer.hikari.HikariDataSource       : HikariPool-1 - Starting...
2025-04-13T17:29:46.668+05:30  INFO 39580 --- [springboot-restful-webservices] [main] com.zaxxer.hikari.pool.HikariPool        : HikariPool-1 - Added connection com.mysql.cj.jdbc.ConnectionImpl@3f4964f2
2025-04-13T17:29:46.671+05:30  INFO 39580 --- [springboot-restful-webservices] [main] com.zaxxer.hikari.HikariDataSource       : HikariPool-1 - Start completed.
2025-04-13T17:29:46.741+05:30  WARN 39580 --- [springboot-restful-webservices] [main] org.hibernate.orm.deprecation            : HHH90000025: MySQLDialect does not need to be specified explicitly using 'hibernate.dialect' (remove the property setting and it will be selected by default)
2025-04-13T17:29:46.769+05:30  INFO 39580 --- [springboot-restful-webservices] [main] org.hibernate.orm.connections.pooling    : HHH10001005: Database info:
	Database JDBC URL [Connecting through datasource 'HikariDataSource (HikariPool-1)']
	Database driver: undefined/unknown
	Database version: 8.0.35
	Autocommit mode: undefined/unknown
	Isolation level: undefined/unknown
	Minimum pool size: undefined/unknown
	Maximum pool size: undefined/unknown
2025-04-13T17:29:48.105+05:30  INFO 39580 --- [springboot-restful-webservices] [main] j.LocalContainerEntityManagerFactoryBean : Initialized JPA EntityManagerFactory for persistence unit 'default'
2025-04-13T17:29:48.588+05:30  INFO 39580 --- [springboot-restful-webservices] [main] o.s.d.j.r.query.QueryEnhancerFactory     : Hibernate is in classpath; If applicable, HQL parser will be used.
2025-04-13T17:29:49.920+05:30  INFO 39580 --- [springboot-restful-webservices] [main] eAuthenticationProviderManagerConfigurer : Global AuthenticationManager configured with AuthenticationProvider bean with name authenticationProvider
2025-04-13T17:29:49.921+05:30  WARN 39580 --- [springboot-restful-webservices] [main] r$InitializeUserDetailsManagerConfigurer : Global AuthenticationManager configured with an AuthenticationProvider bean. UserDetailsService beans will not be used by Spring Security for automatically configuring username/password login. Consider removing the AuthenticationProvider bean. Alternatively, consider using the UserDetailsService in a manually instantiated DaoAuthenticationProvider. If the current configuration is intentional, to turn off this warning, increase the logging level of 'org.springframework.security.config.annotation.authentication.configuration.InitializeUserDetailsBeanManagerConfigurer' to ERROR
2025-04-13T17:29:51.602+05:30  INFO 39580 --- [springboot-restful-webservices] [main] net.javaguides.springboot.RedisTest      : Started RedisTest in 9.309 seconds (process running for 11.282)
2025-04-13T17:29:53.197+05:30  INFO 39580 --- [springboot-restful-webservices] [SpringApplicationShutdownHook] j.LocalContainerEntityManagerFactoryBean : Closing JPA EntityManagerFactory for persistence unit 'default'
2025-04-13T17:29:53.201+05:30  INFO 39580 --- [springboot-restful-webservices] [SpringApplicationShutdownHook] com.zaxxer.hikari.HikariDataSource       : HikariPool-1 - Shutdown initiated...
2025-04-13T17:29:53.212+05:30  INFO 39580 --- [springboot-restful-webservices] [SpringApplicationShutdownHook] com.zaxxer.hikari.HikariDataSource       : HikariPool-1 - Shutdown completed.
2025-04-13T17:31:41.428+05:30  INFO 8056 --- [springboot-restful-webservices] [main] net.javaguides.springboot.RedisTest      : Starting RedisTest using Java 17.0.12 with PID 8056 (started by mokbhandari in C:\Users\mokbhandari\Desktop\Java Spring\springboot-restful-webservices\springboot-restful-webservices)
2025-04-13T17:31:41.431+05:30  INFO 8056 --- [springboot-restful-webservices] [main] net.javaguides.springboot.RedisTest      : No active profile set, falling back to 1 default profile: "default"
2025-04-13T17:31:42.807+05:30  INFO 8056 --- [springboot-restful-webservices] [main] .s.d.r.c.RepositoryConfigurationDelegate : Multiple Spring Data modules found, entering strict repository configuration mode
2025-04-13T17:31:42.811+05:30  INFO 8056 --- [springboot-restful-webservices] [main] .s.d.r.c.RepositoryConfigurationDelegate : Bootstrapping Spring Data JPA repositories in DEFAULT mode.
2025-04-13T17:31:43.125+05:30  INFO 8056 --- [springboot-restful-webservices] [main] .s.d.r.c.RepositoryConfigurationDelegate : Finished Spring Data repository scanning in 297 ms. Found 2 JPA repository interfaces.
2025-04-13T17:31:43.161+05:30  INFO 8056 --- [springboot-restful-webservices] [main] .s.d.r.c.RepositoryConfigurationDelegate : Multiple Spring Data modules found, entering strict repository configuration mode
2025-04-13T17:31:43.165+05:30  INFO 8056 --- [springboot-restful-webservices] [main] .s.d.r.c.RepositoryConfigurationDelegate : Bootstrapping Spring Data Redis repositories in DEFAULT mode.
2025-04-13T17:31:43.200+05:30  INFO 8056 --- [springboot-restful-webservices] [main] .RepositoryConfigurationExtensionSupport : Spring Data Redis - Could not safely identify store assignment for repository candidate interface net.javaguides.springboot.repository.RoleRepository; If you want this repository to be a Redis repository, consider annotating your entities with one of these annotations: org.springframework.data.redis.core.RedisHash (preferred), or consider extending one of the following types with your repository: org.springframework.data.keyvalue.repository.KeyValueRepository
2025-04-13T17:31:43.202+05:30  INFO 8056 --- [springboot-restful-webservices] [main] .RepositoryConfigurationExtensionSupport : Spring Data Redis - Could not safely identify store assignment for repository candidate interface net.javaguides.springboot.repository.UserRepository; If you want this repository to be a Redis repository, consider annotating your entities with one of these annotations: org.springframework.data.redis.core.RedisHash (preferred), or consider extending one of the following types with your repository: org.springframework.data.keyvalue.repository.KeyValueRepository
2025-04-13T17:31:43.202+05:30  INFO 8056 --- [springboot-restful-webservices] [main] .s.d.r.c.RepositoryConfigurationDelegate : Finished Spring Data repository scanning in 17 ms. Found 0 Redis repository interfaces.
2025-04-13T17:31:43.976+05:30  INFO 8056 --- [springboot-restful-webservices] [main] o.hibernate.jpa.internal.util.LogHelper  : HHH000204: Processing PersistenceUnitInfo [name: default]
2025-04-13T17:31:44.079+05:30  INFO 8056 --- [springboot-restful-webservices] [main] org.hibernate.Version                    : HHH000412: Hibernate ORM core version 6.6.8.Final
2025-04-13T17:31:44.155+05:30  INFO 8056 --- [springboot-restful-webservices] [main] o.h.c.internal.RegionFactoryInitiator    : HHH000026: Second-level cache disabled
2025-04-13T17:31:44.726+05:30  INFO 8056 --- [springboot-restful-webservices] [main] o.s.o.j.p.SpringPersistenceUnitInfo      : No LoadTimeWeaver setup: ignoring JPA class transformer
2025-04-13T17:31:44.786+05:30  INFO 8056 --- [springboot-restful-webservices] [main] com.zaxxer.hikari.HikariDataSource       : HikariPool-1 - Starting...
2025-04-13T17:31:45.239+05:30  INFO 8056 --- [springboot-restful-webservices] [main] com.zaxxer.hikari.pool.HikariPool        : HikariPool-1 - Added connection com.mysql.cj.jdbc.ConnectionImpl@3f4964f2
2025-04-13T17:31:45.243+05:30  INFO 8056 --- [springboot-restful-webservices] [main] com.zaxxer.hikari.HikariDataSource       : HikariPool-1 - Start completed.
2025-04-13T17:31:45.311+05:30  WARN 8056 --- [springboot-restful-webservices] [main] org.hibernate.orm.deprecation            : HHH90000025: MySQLDialect does not need to be specified explicitly using 'hibernate.dialect' (remove the property setting and it will be selected by default)
2025-04-13T17:31:45.340+05:30  INFO 8056 --- [springboot-restful-webservices] [main] org.hibernate.orm.connections.pooling    : HHH10001005: Database info:
	Database JDBC URL [Connecting through datasource 'HikariDataSource (HikariPool-1)']
	Database driver: undefined/unknown
	Database version: 8.0.35
	Autocommit mode: undefined/unknown
	Isolation level: undefined/unknown
	Minimum pool size: undefined/unknown
	Maximum pool size: undefined/unknown
2025-04-13T17:31:46.705+05:30  INFO 8056 --- [springboot-restful-webservices] [main] j.LocalContainerEntityManagerFactoryBean : Initialized JPA EntityManagerFactory for persistence unit 'default'
2025-04-13T17:31:47.157+05:30  INFO 8056 --- [springboot-restful-webservices] [main] o.s.d.j.r.query.QueryEnhancerFactory     : Hibernate is in classpath; If applicable, HQL parser will be used.
2025-04-13T17:31:48.482+05:30  INFO 8056 --- [springboot-restful-webservices] [main] eAuthenticationProviderManagerConfigurer : Global AuthenticationManager configured with AuthenticationProvider bean with name authenticationProvider
2025-04-13T17:31:48.484+05:30  WARN 8056 --- [springboot-restful-webservices] [main] r$InitializeUserDetailsManagerConfigurer : Global AuthenticationManager configured with an AuthenticationProvider bean. UserDetailsService beans will not be used by Spring Security for automatically configuring username/password login. Consider removing the AuthenticationProvider bean. Alternatively, consider using the UserDetailsService in a manually instantiated DaoAuthenticationProvider. If the current configuration is intentional, to turn off this warning, increase the logging level of 'org.springframework.security.config.annotation.authentication.configuration.InitializeUserDetailsBeanManagerConfigurer' to ERROR
2025-04-13T17:31:50.110+05:30  INFO 8056 --- [springboot-restful-webservices] [main] net.javaguides.springboot.RedisTest      : Started RedisTest in 9.296 seconds (process running for 11.259)
2025-04-13T17:31:51.911+05:30  INFO 8056 --- [springboot-restful-webservices] [SpringApplicationShutdownHook] j.LocalContainerEntityManagerFactoryBean : Closing JPA EntityManagerFactory for persistence unit 'default'
2025-04-13T17:31:51.914+05:30  INFO 8056 --- [springboot-restful-webservices] [SpringApplicationShutdownHook] com.zaxxer.hikari.HikariDataSource       : HikariPool-1 - Shutdown initiated...
2025-04-13T17:31:51.928+05:30  INFO 8056 --- [springboot-restful-webservices] [SpringApplicationShutdownHook] com.zaxxer.hikari.HikariDataSource       : HikariPool-1 - Shutdown completed.
2025-04-13T17:34:27.453+05:30  INFO 27212 --- [springboot-restful-webservices] [main] net.javaguides.springboot.RedisTest      : Starting RedisTest using Java 17.0.12 with PID 27212 (started by mokbhandari in C:\Users\mokbhandari\Desktop\Java Spring\springboot-restful-webservices\springboot-restful-webservices)
2025-04-13T17:34:27.456+05:30  INFO 27212 --- [springboot-restful-webservices] [main] net.javaguides.springboot.RedisTest      : No active profile set, falling back to 1 default profile: "default"
2025-04-13T17:34:28.598+05:30  INFO 27212 --- [springboot-restful-webservices] [main] .s.d.r.c.RepositoryConfigurationDelegate : Multiple Spring Data modules found, entering strict repository configuration mode
2025-04-13T17:34:28.602+05:30  INFO 27212 --- [springboot-restful-webservices] [main] .s.d.r.c.RepositoryConfigurationDelegate : Bootstrapping Spring Data JPA repositories in DEFAULT mode.
2025-04-13T17:34:28.887+05:30  INFO 27212 --- [springboot-restful-webservices] [main] .s.d.r.c.RepositoryConfigurationDelegate : Finished Spring Data repository scanning in 269 ms. Found 2 JPA repository interfaces.
2025-04-13T17:34:28.910+05:30  INFO 27212 --- [springboot-restful-webservices] [main] .s.d.r.c.RepositoryConfigurationDelegate : Multiple Spring Data modules found, entering strict repository configuration mode
2025-04-13T17:34:28.914+05:30  INFO 27212 --- [springboot-restful-webservices] [main] .s.d.r.c.RepositoryConfigurationDelegate : Bootstrapping Spring Data Redis repositories in DEFAULT mode.
2025-04-13T17:34:28.947+05:30  INFO 27212 --- [springboot-restful-webservices] [main] .RepositoryConfigurationExtensionSupport : Spring Data Redis - Could not safely identify store assignment for repository candidate interface net.javaguides.springboot.repository.RoleRepository; If you want this repository to be a Redis repository, consider annotating your entities with one of these annotations: org.springframework.data.redis.core.RedisHash (preferred), or consider extending one of the following types with your repository: org.springframework.data.keyvalue.repository.KeyValueRepository
2025-04-13T17:34:28.948+05:30  INFO 27212 --- [springboot-restful-webservices] [main] .RepositoryConfigurationExtensionSupport : Spring Data Redis - Could not safely identify store assignment for repository candidate interface net.javaguides.springboot.repository.UserRepository; If you want this repository to be a Redis repository, consider annotating your entities with one of these annotations: org.springframework.data.redis.core.RedisHash (preferred), or consider extending one of the following types with your repository: org.springframework.data.keyvalue.repository.KeyValueRepository
2025-04-13T17:34:28.948+05:30  INFO 27212 --- [springboot-restful-webservices] [main] .s.d.r.c.RepositoryConfigurationDelegate : Finished Spring Data repository scanning in 15 ms. Found 0 Redis repository interfaces.
2025-04-13T17:34:29.703+05:30  INFO 27212 --- [springboot-restful-webservices] [main] o.hibernate.jpa.internal.util.LogHelper  : HHH000204: Processing PersistenceUnitInfo [name: default]
2025-04-13T17:34:29.814+05:30  INFO 27212 --- [springboot-restful-webservices] [main] org.hibernate.Version                    : HHH000412: Hibernate ORM core version 6.6.8.Final
2025-04-13T17:34:29.882+05:30  INFO 27212 --- [springboot-restful-webservices] [main] o.h.c.internal.RegionFactoryInitiator    : HHH000026: Second-level cache disabled
2025-04-13T17:34:30.552+05:30  INFO 27212 --- [springboot-restful-webservices] [main] o.s.o.j.p.SpringPersistenceUnitInfo      : No LoadTimeWeaver setup: ignoring JPA class transformer
2025-04-13T17:34:30.642+05:30  INFO 27212 --- [springboot-restful-webservices] [main] com.zaxxer.hikari.HikariDataSource       : HikariPool-1 - Starting...
2025-04-13T17:34:31.259+05:30  INFO 27212 --- [springboot-restful-webservices] [main] com.zaxxer.hikari.pool.HikariPool        : HikariPool-1 - Added connection com.mysql.cj.jdbc.ConnectionImpl@3f4964f2
2025-04-13T17:34:31.259+05:30  INFO 27212 --- [springboot-restful-webservices] [main] com.zaxxer.hikari.HikariDataSource       : HikariPool-1 - Start completed.
2025-04-13T17:34:31.355+05:30  WARN 27212 --- [springboot-restful-webservices] [main] org.hibernate.orm.deprecation            : HHH90000025: MySQLDialect does not need to be specified explicitly using 'hibernate.dialect' (remove the property setting and it will be selected by default)
2025-04-13T17:34:31.388+05:30  INFO 27212 --- [springboot-restful-webservices] [main] org.hibernate.orm.connections.pooling    : HHH10001005: Database info:
	Database JDBC URL [Connecting through datasource 'HikariDataSource (HikariPool-1)']
	Database driver: undefined/unknown
	Database version: 8.0.35
	Autocommit mode: undefined/unknown
	Isolation level: undefined/unknown
	Minimum pool size: undefined/unknown
	Maximum pool size: undefined/unknown
2025-04-13T17:34:32.792+05:30  INFO 27212 --- [springboot-restful-webservices] [main] j.LocalContainerEntityManagerFactoryBean : Initialized JPA EntityManagerFactory for persistence unit 'default'
2025-04-13T17:34:33.247+05:30  INFO 27212 --- [springboot-restful-webservices] [main] o.s.d.j.r.query.QueryEnhancerFactory     : Hibernate is in classpath; If applicable, HQL parser will be used.
2025-04-13T17:34:34.548+05:30  INFO 27212 --- [springboot-restful-webservices] [main] eAuthenticationProviderManagerConfigurer : Global AuthenticationManager configured with AuthenticationProvider bean with name authenticationProvider
2025-04-13T17:34:34.548+05:30  WARN 27212 --- [springboot-restful-webservices] [main] r$InitializeUserDetailsManagerConfigurer : Global AuthenticationManager configured with an AuthenticationProvider bean. UserDetailsService beans will not be used by Spring Security for automatically configuring username/password login. Consider removing the AuthenticationProvider bean. Alternatively, consider using the UserDetailsService in a manually instantiated DaoAuthenticationProvider. If the current configuration is intentional, to turn off this warning, increase the logging level of 'org.springframework.security.config.annotation.authentication.configuration.InitializeUserDetailsBeanManagerConfigurer' to ERROR
2025-04-13T17:34:36.110+05:30  INFO 27212 --- [springboot-restful-webservices] [main] net.javaguides.springboot.RedisTest      : Started RedisTest in 9.193 seconds (process running for 11.032)
2025-04-13T17:34:37.762+05:30  INFO 27212 --- [springboot-restful-webservices] [SpringApplicationShutdownHook] j.LocalContainerEntityManagerFactoryBean : Closing JPA EntityManagerFactory for persistence unit 'default'
2025-04-13T17:34:37.766+05:30  INFO 27212 --- [springboot-restful-webservices] [SpringApplicationShutdownHook] com.zaxxer.hikari.HikariDataSource       : HikariPool-1 - Shutdown initiated...
2025-04-13T17:34:37.780+05:30  INFO 27212 --- [springboot-restful-webservices] [SpringApplicationShutdownHook] com.zaxxer.hikari.HikariDataSource       : HikariPool-1 - Shutdown completed.
